2022-02-14 02:52:39 [MainThread] INFO [StudyEvaluater] - use cpu
2022-02-14 02:52:39 [MainThread] INFO [StudyEvaluater] - use device cpu
2022-02-14 02:52:39 [MainThread] INFO [StudyEvaluater] - gt_file_or_folder: /media/ubuntu/Seagate Expansion Drive/IACTA/CellPress1338/external/A/ane_seg
2022-02-14 02:52:39 [MainThread] INFO [StudyEvaluater] - pred_file_or_folder: /home/ubuntu/codes/MyMedicalZoo/output/ExA/refined
2022-02-14 02:52:39 [MainThread] INFO [StudyEvaluater] - mask or probability distribution: mask
2022-02-14 02:52:39 [MainThread] INFO [StudyEvaluater] - Begin to scan gt_folder_or_file /media/ubuntu/Seagate Expansion Drive/IACTA/CellPress1338/external/A/ane_seg...
2022-02-14 02:52:39 [MainThread] INFO [StudyEvaluater] - Begin to scan pred_folder_or_file /home/ubuntu/codes/MyMedicalZoo/output/ExA/refined...
2022-02-14 02:52:39 [MainThread] INFO [StudyEvaluater] - instance number: 69. start evaluating...
2022-02-14 03:12:15 [MainThread] INFO [StudyEvaluater] - (1 in 69) ExtA0001:	ap: 0.5320	auc: 0.6155	precision: 0.9485	recall: 0.2310	sensitivity: 0.2310	specificity: 1.0000	dsc: 0.3715	hd95: 3.8406	tp: 258	fp: 14	fn: 859	tn: 90998809	per_target_precision: 1.0000	per_target_recall: 1.0000	per_target_tp: 1	per_target_fp: 0	per_target_fn: 0
2022-02-14 03:31:22 [MainThread] INFO [StudyEvaluater] - (2 in 69) ExtA0002:	ap: 0.0000	auc: 0.5000	precision: 0.0000	recall: 0.0000	sensitivity: 0.0000	specificity: 1.0000	dsc: 0.0000	hd95: 149.3660	tp: 0	fp: 3803	fn: 2238	tn: 87287911	per_target_precision: 0.0000	per_target_recall: 0.0000	per_target_tp: 0	per_target_fp: 1	per_target_fn: 1
2022-02-14 03:51:46 [MainThread] INFO [StudyEvaluater] - (3 in 69) ExtA0003:	ap: 0.2024	auc: 0.8501	precision: 0.0546	recall: 0.7004	sensitivity: 0.7004	specificity: 0.9999	dsc: 0.1013	hd95: 142.0655	tp: 568	fp: 9833	fn: 243	tn: 94361196	per_target_precision: 0.2000	per_target_recall: 1.0000	per_target_tp: 1	per_target_fp: 4	per_target_fn: 0
2022-02-14 04:10:01 [MainThread] INFO [StudyEvaluater] - (4 in 69) ExtA0004:	ap: 0.2500	auc: 0.5000	precision: 0.5000	recall: 0.0000	sensitivity: 0.0000	specificity: 1.0000	dsc: 0.0000	hd95: 1.0000	tp: 0	fp: 0	fn: 4954	tn: 87288998	per_target_precision: 0.5000	per_target_recall: 0.0000	per_target_tp: 0	per_target_fp: 0	per_target_fn: 1
2022-02-14 04:27:01 [MainThread] INFO [StudyEvaluater] - (5 in 69) ExtA0005:	ap: 0.3750	auc: 0.7500	precision: 0.0000	recall: 0.5000	sensitivity: 0.5000	specificity: 1.0000	dsc: 0.0000	hd95: 1.0000	tp: 0	fp: 77	fn: 0	tn: 77834867	per_target_precision: 0.0000	per_target_recall: 0.5000	per_target_tp: 0	per_target_fp: 1	per_target_fn: 0
2022-02-14 05:02:43 [MainThread] INFO [StudyEvaluater] - (6 in 69) ExtA0006:	ap: 0.0000	auc: 0.5000	precision: 0.0000	recall: 0.0000	sensitivity: 0.0000	specificity: 1.0000	dsc: 0.0000	hd95: 257.6939	tp: 0	fp: 1302	fn: 1274	tn: 170235349	per_target_precision: 0.0000	per_target_recall: 0.0000	per_target_tp: 0	per_target_fp: 3	per_target_fn: 1
2022-02-14 05:23:04 [MainThread] INFO [StudyEvaluater] - (7 in 69) ExtA0007:	ap: 0.3750	auc: 0.7500	precision: 0.0000	recall: 0.5000	sensitivity: 0.5000	specificity: 1.0000	dsc: 0.0000	hd95: 1.0000	tp: 0	fp: 89	fn: 0	tn: 97549627	per_target_precision: 0.0000	per_target_recall: 0.5000	per_target_tp: 0	per_target_fp: 2	per_target_fn: 0
2022-02-14 05:52:42 [MainThread] INFO [StudyEvaluater] - (8 in 69) ExtA0008:	ap: 0.3750	auc: 0.7500	precision: 0.0000	recall: 0.5000	sensitivity: 0.5000	specificity: 1.0000	dsc: 0.0000	hd95: 1.0000	tp: 0	fp: 160	fn: 0	tn: 154542665	per_target_precision: 0.0000	per_target_recall: 0.5000	per_target_tp: 0	per_target_fp: 2	per_target_fn: 0
2022-02-14 06:13:22 [MainThread] INFO [StudyEvaluater] - (9 in 69) ExtA0010:	ap: 0.5198	auc: 0.7101	precision: 0.8295	recall: 0.4203	sensitivity: 0.4203	specificity: 1.0000	dsc: 0.5579	hd95: 72.5112	tp: 1946	fp: 400	fn: 2684	tn: 128707674	per_target_precision: 0.2000	per_target_recall: 1.0000	per_target_tp: 1	per_target_fp: 4	per_target_fn: 0
2022-02-14 07:04:04 [MainThread] INFO [StudyEvaluater] - (10 in 69) ExtA0011:	ap: 0.0320	auc: 0.5431	precision: 0.0208	recall: 0.0862	sensitivity: 0.0862	specificity: 1.0000	dsc: 0.0336	hd95: 248.0458	tp: 212	fp: 9961	fn: 2247	tn: 252035280	per_target_precision: 0.2000	per_target_recall: 1.0000	per_target_tp: 1	per_target_fp: 4	per_target_fn: 0
2022-02-14 07:23:08 [MainThread] INFO [StudyEvaluater] - (11 in 69) ExtA0012:	ap: 0.2500	auc: 0.5000	precision: 0.5000	recall: 0.0000	sensitivity: 0.0000	specificity: 1.0000	dsc: 0.0000	hd95: 1.0000	tp: 0	fp: 0	fn: 544	tn: 121372128	per_target_precision: 0.5000	per_target_recall: 0.0000	per_target_tp: 0	per_target_fp: 0	per_target_fn: 1
2022-02-14 07:51:24 [MainThread] INFO [StudyEvaluater] - (12 in 69) ExtA0013:	ap: 0.3750	auc: 0.7500	precision: 0.0000	recall: 0.5000	sensitivity: 0.5000	specificity: 1.0000	dsc: 0.0000	hd95: 1.0000	tp: 0	fp: 77	fn: 0	tn: 142634187	per_target_precision: 0.0000	per_target_recall: 0.5000	per_target_tp: 0	per_target_fp: 1	per_target_fn: 0
2022-02-14 08:06:02 [MainThread] INFO [StudyEvaluater] - (13 in 69) ExtA0014:	ap: 0.5309	auc: 0.7619	precision: 0.8000	recall: 0.5237	sensitivity: 0.5237	specificity: 1.0000	dsc: 0.6330	hd95: 12.6895	tp: 320	fp: 80	fn: 291	tn: 66059597	per_target_precision: 0.5000	per_target_recall: 1.0000	per_target_tp: 1	per_target_fp: 1	per_target_fn: 0
2022-02-14 08:25:34 [MainThread] INFO [StudyEvaluater] - (14 in 69) ExtA0015:	ap: 0.5653	auc: 0.6854	precision: 0.9451	recall: 0.3708	sensitivity: 0.3708	specificity: 1.0000	dsc: 0.5326	hd95: 2.1213	tp: 155	fp: 9	fn: 263	tn: 87293525	per_target_precision: 1.0000	per_target_recall: 1.0000	per_target_tp: 1	per_target_fp: 0	per_target_fn: 0
2022-02-14 08:45:57 [MainThread] INFO [StudyEvaluater] - (15 in 69) ExtA0016:	ap: 0.6466	auc: 0.9011	precision: 0.8921	recall: 0.8022	sensitivity: 0.8022	specificity: 1.0000	dsc: 0.8448	hd95: 47.7232	tp: 8854	fp: 1071	fn: 2183	tn: 87281844	per_target_precision: 0.3333	per_target_recall: 1.0000	per_target_tp: 1	per_target_fp: 2	per_target_fn: 0
2022-02-14 09:13:29 [MainThread] INFO [StudyEvaluater] - (16 in 69) ExtA0017:	ap: 0.3781	auc: 0.7417	precision: 0.5145	recall: 0.4835	sensitivity: 0.4835	specificity: 1.0000	dsc: 0.4985	hd95: 79.0874	tp: 585	fp: 552	fn: 625	tn: 128416691	per_target_precision: 0.3333	per_target_recall: 1.0000	per_target_tp: 1	per_target_fp: 2	per_target_fn: 0
2022-02-14 09:43:43 [MainThread] INFO [StudyEvaluater] - (17 in 69) ExtA0018:	ap: 0.5000	auc: 0.7500	precision: 0.5000	recall: 0.5000	sensitivity: 0.5000	specificity: 1.0000	dsc: 0.5000	hd95: 1.0000	tp: 0	fp: 0	fn: 0	tn: 149382528	per_target_precision: 0.5000	per_target_recall: 0.5000	per_target_tp: 0	per_target_fp: 0	per_target_fn: 0
2022-02-14 10:12:42 [MainThread] INFO [StudyEvaluater] - (18 in 69) ExtA0019:	ap: 0.0061	auc: 0.5022	precision: 0.0101	recall: 0.0043	sensitivity: 0.0043	specificity: 1.0000	dsc: 0.0061	hd95: 4.1533	tp: 3	fp: 293	fn: 690	tn: 136822387	per_target_precision: 1.0000	per_target_recall: 1.0000	per_target_tp: 1	per_target_fp: 0	per_target_fn: 0
2022-02-14 10:43:58 [MainThread] INFO [StudyEvaluater] - (19 in 69) ExtA0020:	ap: 0.5000	auc: 0.7500	precision: 0.5000	recall: 0.5000	sensitivity: 0.5000	specificity: 1.0000	dsc: 0.5000	hd95: 1.0000	tp: 0	fp: 0	fn: 0	tn: 153836496	per_target_precision: 0.5000	per_target_recall: 0.5000	per_target_tp: 0	per_target_fp: 0	per_target_fn: 0
2022-02-14 11:19:22 [MainThread] INFO [StudyEvaluater] - (20 in 69) ExtA0021:	ap: 0.5504	auc: 0.8388	precision: 0.7621	recall: 0.6776	sensitivity: 0.6776	specificity: 1.0000	dsc: 0.7174	hd95: 203.0885	tp: 1887	fp: 589	fn: 898	tn: 171362626	per_target_precision: 0.2500	per_target_recall: 1.0000	per_target_tp: 1	per_target_fp: 3	per_target_fn: 0
2022-02-14 11:38:34 [MainThread] INFO [StudyEvaluater] - (21 in 69) ExtA0022:	ap: 0.4935	auc: 0.7684	precision: 0.7187	recall: 0.5368	sensitivity: 0.5368	specificity: 1.0000	dsc: 0.6146	hd95: 17.5107	tp: 4336	fp: 1697	fn: 3742	tn: 87284177	per_target_precision: 0.5000	per_target_recall: 1.0000	per_target_tp: 1	per_target_fp: 1	per_target_fn: 0
2022-02-14 12:02:03 [MainThread] INFO [StudyEvaluater] - (22 in 69) ExtA0023:	ap: 0.5000	auc: 0.7500	precision: 0.5000	recall: 0.5000	sensitivity: 0.5000	specificity: 1.0000	dsc: 0.5000	hd95: 1.0000	tp: 0	fp: 0	fn: 0	tn: 114984184	per_target_precision: 0.5000	per_target_recall: 0.5000	per_target_tp: 0	per_target_fp: 0	per_target_fn: 0
2022-02-14 12:22:24 [MainThread] INFO [StudyEvaluater] - (23 in 69) ExtA0024:	ap: 0.2178	auc: 0.7941	precision: 0.1413	recall: 0.5883	sensitivity: 0.5883	specificity: 0.9999	dsc: 0.2279	hd95: 180.7536	tp: 856	fp: 5200	fn: 599	tn: 87287297	per_target_precision: 0.5000	per_target_recall: 1.0000	per_target_tp: 1	per_target_fp: 1	per_target_fn: 0
2022-02-14 13:02:12 [MainThread] INFO [StudyEvaluater] - (24 in 69) ExtA0025:	ap: 0.6559	auc: 0.8164	precision: 0.9954	recall: 0.6327	sensitivity: 0.6327	specificity: 1.0000	dsc: 0.7737	hd95: 2.0616	tp: 2603	fp: 12	fn: 1511	tn: 196604258	per_target_precision: 1.0000	per_target_recall: 1.0000	per_target_tp: 1	per_target_fp: 0	per_target_fn: 0
2022-02-14 13:23:48 [MainThread] INFO [StudyEvaluater] - (25 in 69) ExtA0026:	ap: 0.1304	auc: 0.5721	precision: 0.1887	recall: 0.1441	sensitivity: 0.1441	specificity: 1.0000	dsc: 0.1634	hd95: 76.5484	tp: 164	fp: 705	fn: 974	tn: 100364690	per_target_precision: 0.2500	per_target_recall: 1.0000	per_target_tp: 1	per_target_fp: 3	per_target_fn: 0
2022-02-14 13:40:44 [MainThread] INFO [StudyEvaluater] - (26 in 69) ExtA0027:	ap: 0.5480	auc: 0.7975	precision: 0.7986	recall: 0.5951	sensitivity: 0.5951	specificity: 1.0000	dsc: 0.6820	hd95: 22.0882	tp: 2989	fp: 754	fn: 2034	tn: 77326703	per_target_precision: 0.2500	per_target_recall: 1.0000	per_target_tp: 1	per_target_fp: 3	per_target_fn: 0
2022-02-14 14:00:30 [MainThread] INFO [StudyEvaluater] - (27 in 69) ExtA0028:	ap: 0.3750	auc: 0.7500	precision: 0.0000	recall: 0.5000	sensitivity: 0.5000	specificity: 1.0000	dsc: 0.0000	hd95: 1.0000	tp: 0	fp: 236	fn: 0	tn: 97795924	per_target_precision: 0.0000	per_target_recall: 0.5000	per_target_tp: 0	per_target_fp: 1	per_target_fn: 0
2022-02-14 14:22:13 [MainThread] INFO [StudyEvaluater] - (28 in 69) ExtA0029:	ap: 0.6059	auc: 0.9121	precision: 0.7996	recall: 0.8242	sensitivity: 0.8242	specificity: 1.0000	dsc: 0.8117	hd95: 1.0000	tp: 886	fp: 222	fn: 189	tn: 109478325	per_target_precision: 1.0000	per_target_recall: 1.0000	per_target_tp: 1	per_target_fp: 0	per_target_fn: 0
2022-02-14 14:42:05 [MainThread] INFO [StudyEvaluater] - (29 in 69) ExtA0030:	ap: 0.4750	auc: 0.7174	precision: 0.7326	recall: 0.4347	sensitivity: 0.4347	specificity: 1.0000	dsc: 0.5457	hd95: 106.1101	tp: 5795	fp: 2115	fn: 7535	tn: 118735787	per_target_precision: 0.2500	per_target_recall: 1.0000	per_target_tp: 1	per_target_fp: 3	per_target_fn: 0
